<?xml version="1.0" encoding="UTF-8"?>
<!-- Generated by org.testng.reporters.JUnitReportReporter -->
<testsuite hostname="DESKTOP-S9B3AC5" failures="0" tests="2" name="testngpackage.HomePage" time="0.068" errors="0" timestamp="2023-03-06T16:30:50 IST" skipped="0">
  <testcase classname="testngpackage.HomePage" name="homepageverify" time="0.037"/>
  <system-out/>
  <testcase classname="testngpackage.HomePage" name="test1" time="0.031"/>
  <system-out/>
</testsuite> <!-- testngpackage.HomePage -->
