<?xml version="1.0" encoding="UTF-8"?>
<!-- Generated by org.testng.reporters.JUnitReportReporter -->
<testsuite hostname="DESKTOP-S9B3AC5" failures="0" tests="3" name="testngpackage.skipexceptionTest" time="0.005" errors="0" timestamp="2023-03-06T17:12:53 IST" skipped="3">
  <testcase classname="testngpackage.skipexceptionTest" name="testcase2" time="0.001">
    <skipped/>
  </testcase> <!-- testcase2 -->
  <system-out/>
  <testcase classname="testngpackage.skipexceptionTest" name="testcase3" time="0.004">
    <skipped/>
  </testcase> <!-- testcase3 -->
  <system-out/>
  <testcase classname="testngpackage.skipexceptionTest" name="testcase1">
    <skipped/>
  </testcase> <!-- testcase1 -->
  <system-out/>
</testsuite> <!-- testngpackage.skipexceptionTest -->
