<?xml version="1.0" encoding="UTF-8"?>
<!-- Generated by org.testng.reporters.JUnitReportReporter -->
<testsuite hostname="DESKTOP-S9B3AC5" failures="0" tests="3" name="testngpackage.beforeclass" time="0.029" errors="0" timestamp="2023-03-06T17:17:30 IST" skipped="0">
  <testcase classname="testngpackage.beforeclass" name="test2" time="0.006"/>
  <system-out/>
  <testcase classname="testngpackage.beforeclass" name="test1" time="0.014"/>
  <system-out/>
  <testcase classname="testngpackage.beforeclass" name="test3" time="0.009"/>
  <system-out/>
</testsuite> <!-- testngpackage.beforeclass -->
