<?xml version="1.0" encoding="UTF-8"?>
<!-- Generated by org.testng.reporters.JUnitReportReporter -->
<testsuite hostname="DESKTOP-S9B3AC5" failures="0" tests="1" name="testngpackage.verificationtitle" time="12.759" errors="0" timestamp="2023-03-06T23:02:26 IST" skipped="0">
  <testcase classname="testngpackage.verificationtitle" name="verifytitle" time="12.759"/>
  <system-out/>
</testsuite> <!-- testngpackage.verificationtitle -->
