<?xml version="1.0" encoding="UTF-8"?>
<!-- Generated by org.testng.reporters.JUnitReportReporter -->
<testsuite hostname="DESKTOP-S9B3AC5" failures="0" tests="1" name="testngpackage.signupTest" time="0.002" errors="0" timestamp="2023-03-06T16:30:50 IST" skipped="0">
  <testcase classname="testngpackage.signupTest" name="signup" time="0.002"/>
  <system-out/>
</testsuite> <!-- testngpackage.signupTest -->
