<?xml version="1.0" encoding="UTF-8"?>
<!-- Generated by org.testng.reporters.JUnitReportReporter -->
<testsuite hostname="DESKTOP-S9B3AC5" failures="0" tests="2" name="testngpackage.registrationPage" time="0.003" errors="0" timestamp="2023-03-06T16:30:50 IST" skipped="0">
  <testcase classname="testngpackage.registrationPage" name="chkregistration" time="0.002"/>
  <system-out/>
  <testcase classname="testngpackage.registrationPage" name="chksignin" time="0.001"/>
  <system-out/>
</testsuite> <!-- testngpackage.registrationPage -->
