<?xml version="1.0" encoding="UTF-8"?>
<!-- Generated by org.testng.reporters.JUnitReportReporter -->
<testsuite hostname="DESKTOP-S9B3AC5" failures="0" tests="2" name="testngpackage.Logintest" time="12.595" errors="0" timestamp="2023-03-06T16:30:50 IST" skipped="0">
  <testcase classname="testngpackage.Logintest" name="urlverify" time="5.969"/>
  <system-out/>
  <testcase classname="testngpackage.Logintest" name="TitleVerify" time="6.626"/>
  <system-out/>
</testsuite> <!-- testngpackage.Logintest -->
