<?xml version="1.0" encoding="UTF-8"?>
<!-- Generated by org.testng.reporters.JUnitReportReporter -->
<testsuite hostname="DESKTOP-S9B3AC5" failures="0" tests="2" name="ecom.Package.TitleTesting" time="17.040" errors="0" timestamp="2023-03-06T23:37:12 IST" skipped="0">
  <testcase classname="ecom.Package.TitleTesting" name="setup" time="12.107"/>
  <system-out/>
  <testcase classname="ecom.Package.TitleTesting" name="teardown" time="4.933"/>
  <system-out/>
</testsuite> <!-- ecom.Package.TitleTesting -->
